<?xml version="1.0" encoding="UTF-8"?>
<testng-results ignored="0" total="1" passed="1" failed="0" skipped="0">
  <reporter-output>
  </reporter-output>
  <suite started-at="2023-07-04T12:26:44 IST" name="Suite" finished-at="2023-07-04T12:27:28 IST" duration-ms="44521">
    <groups>
    </groups>
    <test started-at="2023-07-04T12:26:44 IST" name="Test" finished-at="2023-07-04T12:27:28 IST" duration-ms="44521">
      <class name="testCase.TC_001_LoginTest">
        <test-method is-config="true" signature="setUp(java.lang.String)[pri:0, instance:testCase.TC_001_LoginTest@4b0d79fc]" started-at="2023-07-04T12:26:44 IST" name="setUp" finished-at="2023-07-04T12:26:51 IST" duration-ms="6904" status="PASS">
          <params>
            <param index="0">
              <value>
                <![CDATA[chrome]]>
              </value>
            </param>
          </params>
          <reporter-output>
          </reporter-output>
        </test-method> <!-- setUp -->
        <test-method signature="login_test()[pri:0, instance:testCase.TC_001_LoginTest@4b0d79fc]" started-at="2023-07-04T12:26:51 IST" name="login_test" finished-at="2023-07-04T12:27:28 IST" duration-ms="37176" status="PASS">
          <reporter-output>
          </reporter-output>
        </test-method> <!-- login_test -->
        <test-method is-config="true" signature="tearDown()[pri:0, instance:testCase.TC_001_LoginTest@4b0d79fc]" started-at="2023-07-04T12:27:28 IST" name="tearDown" finished-at="2023-07-04T12:27:28 IST" duration-ms="0" status="PASS">
          <reporter-output>
          </reporter-output>
        </test-method> <!-- tearDown -->
      </class> <!-- testCase.TC_001_LoginTest -->
    </test> <!-- Test -->
  </suite> <!-- Suite -->
</testng-results>
